<?xml version="1.0" encoding="UTF-8"?>
<!-- Generated by org.testng.reporters.JUnitReportReporter -->
<testsuite skipped="0" hostname="6NG0512" name="NewTest" tests="1" failures="0" timestamp="25 Jun 2018 09:43:13 GMT" time="56.229" errors="0">
  <testcase name="f" time="56.229" classname="NewTest"/>
</testsuite> <!-- NewTest -->
